[2017-09-13 08:00:09] //div[@class='content']/h3    was enable! 
[2017-09-13 08:00:11] logo    was enable! 
[2017-09-13 08:00:12] //button[@type='submit']    was enable! 
[2017-09-13 08:00:13] //div[@class='content']/h3    was enable! 
[2017-09-13 08:00:14] logo    was enable! 
[2017-09-13 08:00:15] //button[@type='submit']    was enable! 
[2017-09-13 08:00:16] //div[@class='content']/h3    was enable! 
[2017-09-13 08:00:17] logo    was enable! 
[2017-09-13 08:00:18] //button[@type='submit']    was enable! 
[2017-09-13 08:00:19] //div[@class='content']/h3    was enable! 
[2017-09-13 08:00:20] logo    was enable! 
[2017-09-13 08:00:21] //button[@type='submit']    was enable! 
[2017-09-13 08:00:22] //div[@class='content']/h3    was enable! 
[2017-09-13 08:00:23] logo    was enable! 
[2017-09-13 08:00:25] //button[@type='submit']    was enable! 
[2017-09-13 08:00:26] //div[@class='content']/h3    was enable! 
[2017-09-13 08:00:27] logo    was enable! 
[2017-09-13 08:00:28] //button[@type='submit']    was enable! 
[2017-09-13 08:00:29] //button[@type='submit']    was enable! 
[2017-09-13 08:00:33] //input[@name='userId']    was enable! 
[2017-09-13 08:00:34] //input[@name='userId']    was enable! 
[2017-09-13 08:00:35] //input[@name='password']    was enable! 
[2017-09-13 08:00:36] //input[@name='password']    was enable! 
[2017-09-13 08:00:37] //button[@type='submit']    was enable! 
[2017-09-13 08:00:41] //input[@name='userId']    was enable! 
[2017-09-13 08:00:42] //input[@name='userId']    was enable! 
[2017-09-13 08:00:43] //input[@name='password']    was enable! 
[2017-09-13 08:00:44] //input[@name='password']    was enable! 
[2017-09-13 08:00:45] //button[@type='submit']    was enable! 
[2017-09-13 08:00:57] //input[@name='userId']    was enable! 
[2017-09-13 08:00:58] //input[@name='userId']    was enable! 
[2017-09-13 08:00:59] //input[@name='password']    was enable! 
[2017-09-13 08:01:00] //input[@name='password']    was enable! 
[2017-09-13 08:01:02] //button[@type='submit']    was enable! 
[2017-09-13 08:01:04] //button[text()='Ok']    was enable! 
[2017-09-13 08:01:40] //li[@data-id='CSRM001']    was enable! 
[2017-09-13 08:01:43] //div[@class='tab-content']/iframe    was enable! 
[2017-09-13 08:01:46] //input[@type='text' and @name='conditions']    was enable! 
[2017-09-13 08:01:47] //input[@type='text' and @name='conditions']    was enable! 
[2017-09-13 08:02:26] //button[@id='btn_pay_today']    was enable! 
[2017-09-13 08:02:29] r_i_search    was enable! 
[2017-09-13 08:02:30] r_i_search    was enable! 
[2017-09-13 08:03:48] OrderNow    was enable! 
[2017-09-13 08:03:54] //input[@name='searchValue']    was enable! 
[2017-09-13 08:03:55] //input[@name='searchValue']    was enable! 
[2017-09-13 08:04:04] //ul[@id='mustChooseTree10465018_1_ul']/li[1]/span[2]    was enable! 
[2017-09-13 08:04:05] btnOk_CSR000606    was enable! 
[2017-09-13 08:04:08] btn_viewOrder    was enable! 
[2017-09-13 08:04:11] btn_save    was enable! 
[2017-09-13 08:04:18] //div[@class='bui-stdmod-footer']/button[2]    was enable! 
[2017-09-13 08:04:59] btn_sent_to_restaurant    was enable! 
[2017-09-13 08:05:05] //td[@data-column-field='orderNo']    was enable! 
[2017-09-13 08:05:08] //s[@class='tab-item-close']    was enable! 
[2017-09-13 08:05:22] //li[@data-id='CSRM002']    was enable! 
[2017-09-13 08:05:25] //div[@class='tab-content']/iframe    was enable! 
[2017-09-13 08:05:30] //input[@name='searchFromDate']    was enable! 
[2017-09-13 08:05:32] //ul[@id='bar5']/li[1]/button    was enable! 
[2017-09-13 08:05:33] //input[@id='chkSearchToDate']    was enable! 
[2017-09-13 08:05:35] //input[@name='searchToDate']    was enable! 
[2017-09-13 08:05:36] //ul[@id='bar7']/li[1]/button    was enable! 
[2017-09-13 08:05:38] //button[@id='csr0008_btn_queryCount']    was enable! 
[2017-09-13 08:05:40] //span[@id='csr0008MyOrder']    was enable! 
[2017-09-13 08:05:43] //span[@id='csr0008Dispatch']    was enable! 
[2017-09-13 08:05:45] //span[@id='csr0008NeedSendToRest']    was enable! 
[2017-09-13 08:05:47] //span[@id='csr0008DelayOrder']    was enable! 
[2017-09-13 08:05:49] //span[@id='csr0008Locked']    was enable! 
[2017-09-13 08:05:56] //span[@id='csr0008UfcOrder']    was enable! 
[2017-09-13 08:06:03] //input[@name='chkWebOrder']    was enable! 
[2017-09-13 08:06:04] //input[@name='chkPhoneOrder']    was enable! 
[2017-09-13 08:06:05] //input[@name='chkAppOrder']    was enable! 
[2017-09-13 08:06:07] //input[@name='chkUnApprovedWebOrder']    was enable! 
[2017-09-13 08:06:08] //input[@name='chkWebOrder']    was enable! 
[2017-09-13 08:06:11] //button[@id='csr0008_btn_queryListCount']    was enable! 
[2017-09-13 08:06:12] //input[@id='readonlyNumber']    was enable! 
[2017-09-13 08:06:13] //input[@id='readonlyRestTotal']    was enable! 
[2017-09-13 08:06:14] //input[@id='readonlyOrderTotal']    was enable! 
[2017-09-13 08:06:16] //input[@name='chkWebOrder']    was enable! 
[2017-09-13 08:06:17] //input[@name='chkPhoneOrder']    was enable! 
[2017-09-13 08:06:20] //button[@id='csr0008_btn_queryListCount']    was enable! 
[2017-09-13 08:06:21] //input[@id='readonlyNumber']    was enable! 
[2017-09-13 08:06:22] //input[@id='readonlyRestTotal']    was enable! 
[2017-09-13 08:06:23] //input[@id='readonlyOrderTotal']    was enable! 
[2017-09-13 08:06:24] //input[@name='chkPhoneOrder']    was enable! 
[2017-09-13 08:06:26] //input[@name='chkAppOrder']    was enable! 
[2017-09-13 08:06:29] //button[@id='csr0008_btn_queryListCount']    was enable! 
[2017-09-13 08:06:30] //input[@id='readonlyNumber']    was enable! 
[2017-09-13 08:06:31] //input[@id='readonlyRestTotal']    was enable! 
[2017-09-13 08:06:32] //input[@id='readonlyOrderTotal']    was enable! 
[2017-09-13 08:06:33] //input[@name='chkAppOrder']    was enable! 
[2017-09-13 08:06:34] //input[@name='chkUnApprovedWebOrder']    was enable! 
[2017-09-13 08:06:36] //input[@name='chkUnApprovedWebOrder']    was enable! 
[2017-09-13 08:06:39] //button[@id='csr0008_btn_queryListCount']    was enable! 
[2017-09-13 08:06:40] //input[@id='readonlyNumber']    was enable! 
[2017-09-13 08:06:41] //input[@id='readonlyRestTotal']    was enable! 
[2017-09-13 08:06:42] //input[@id='readonlyOrderTotal']    was enable! 
[2017-09-13 08:06:43] //input[@name='chkWebOrder']    was enable! 
[2017-09-13 08:06:44] //input[@name='chkPhoneOrder']    was enable! 
[2017-09-13 08:06:45] //input[@name='chkAppOrder']    was enable! 
[2017-09-13 08:06:47] //input[@name='chkUnApprovedWebOrder']    was enable! 
[2017-09-13 08:06:48] //select[@id='searchNumberType']    was enable! 
[2017-09-13 08:06:49] //option[text()='Order ID']    was enable! 
[2017-09-13 08:06:50] //input[@id='searchNumber']    was enable! 
[2017-09-13 08:06:51] //input[@id='searchOthers']    was enable! 
[2017-09-13 08:06:53] //select[@id='searchOrderStatus']    was enable! 
[2017-09-13 08:06:54] //button[@id='csr0008_btn_go']    was enable! 
[2017-09-13 08:07:00] //button[@id='csr0008_btn_querynotfinished']    was enable! 
[2017-09-13 08:07:03] //input[@id='searchNumber']    was enable! 
[2017-09-13 08:07:04] //input[@id='searchNumber']    was enable! 
[2017-09-13 08:07:06] //button[@id='csr0008_btn_go']    was enable! 
[2017-09-13 08:07:07] //td[@data-column-id='col1']    was enable! 
[2017-09-13 08:07:08] //button[@id='csr0008_btn_editview']    was enable! 
[2017-09-13 08:07:12] //button[@id='csr000807_btn_saveAs']    was enable! 
[2017-09-13 08:07:18] //button[@id='csr000807_btn_processing']    was enable! 
[2017-09-13 08:07:20] //div[@class='bui-stdmod-header']    was enable! 
[2017-09-13 08:07:21] //span[@class='bui-ext-close-x x-icon x-icon-normal']    was enable! 
[2017-09-13 08:07:32] //button[@id='csr000807_btn_editAddress']    was enable! 
[2017-09-13 08:07:38] //span[@class='bui-ext-close-x x-icon x-icon-normal']    was enable! 
[2017-09-13 08:07:44] //div[@id='orderItemView0']/div[2]/div[3]/div[2]/button    was enable! 
[2017-09-13 08:07:46] //button[text()='Next']    was enable! 
[2017-09-13 08:07:49] //button[@id='btn_RestBusinessHoursChange']    was enable! 
[2017-09-13 08:07:50] //select[@name='reason']    was enable! 
[2017-09-13 08:07:51] //select[@name='reason']/option[2]    was enable! 
[2017-09-13 08:07:52] //select[@id='detailList']    was enable! 
[2017-09-13 08:07:54] //select[@id='detailList']/option[2]    was enable! 
[2017-09-13 08:07:55] //input[@id='contactPerson']    was enable! 
[2017-09-13 08:07:56] //button[@id='btnCancel_CSR00060101']    was enable! 
[2017-09-13 08:08:02] //span[@class='bui-ext-close-x x-icon x-icon-normal']    was enable! 
[2017-09-13 08:08:04] //div[@class='bui-message-content']    was enable! 
[2017-09-13 08:08:05] //button[text()='Ok']    was enable! 
[2017-09-13 08:08:11] //div[@class='bui-message-content']    was enable! 
[2017-09-13 08:08:12] //button[text()='Ok']    was enable! 
[2017-09-13 08:08:23] //button[@id='btn_viewOrder']    was enable! 
[2017-09-13 08:08:27] //button[@id='btn_unpayment']    was enable! 
[2017-09-13 08:08:31] //input[@name='amount']    was enable! 
[2017-09-13 08:08:32] //input[@name='amount']    was enable! 
[2017-09-13 08:08:33] //button[@id='CSR000804btnOk']    was enable! 
[2017-09-13 08:08:36] btn_save    was enable! 
[2017-09-13 08:08:43] //div[@class='bui-stdmod-footer']/button[2]    was enable! 
[2017-09-13 08:09:26] //button[@id='btn_processing']    was enable! 
[2017-09-13 08:09:30] //button[text()='Ok']    was enable! 
[2017-09-13 08:09:36] //textarea[@name='problemDetail']    was enable! 
[2017-09-13 08:09:37] //button[text()='ADD']    was enable! 
[2017-09-13 08:09:40] //button[text()='Ok']    was enable! 
[2017-09-13 08:09:44] //button[@id='btn_sent_to_restaurant']    was enable! 
[2017-09-13 08:09:57] //li[@data-id='CSRM003']    was enable! 
[2017-09-13 08:09:59] //div[@class='tab-content']/iframe    was enable! 
[2017-09-13 08:10:02] //button[@id='btn_follow']    was enable! 
[2017-09-13 08:11:04] //button[@id='btn_response']    was enable! 
[2017-09-13 08:11:08] //button[@id='btn_go_response']    was enable! 
[2017-09-13 08:12:10] //button[@id='btn_complaint']    was enable! 
[2017-09-13 08:12:14] //button[@id='btn_go']    was enable! 
[2017-09-13 16:00:06] //div[@class='content']/h3    was enable! 
[2017-09-13 16:00:07] logo    was enable! 
[2017-09-13 16:00:08] //button[@type='submit']    was enable! 
[2017-09-13 16:00:09] //div[@class='content']/h3    was enable! 
[2017-09-13 16:00:10] logo    was enable! 
[2017-09-13 16:00:12] //button[@type='submit']    was enable! 
[2017-09-13 16:00:13] //div[@class='content']/h3    was enable! 
[2017-09-13 16:00:14] logo    was enable! 
[2017-09-13 16:00:15] //button[@type='submit']    was enable! 
[2017-09-13 16:00:16] //div[@class='content']/h3    was enable! 
[2017-09-13 16:00:17] logo    was enable! 
[2017-09-13 16:00:18] //button[@type='submit']    was enable! 
[2017-09-13 16:00:19] //div[@class='content']/h3    was enable! 
[2017-09-13 16:00:20] logo    was enable! 
[2017-09-13 16:00:21] //button[@type='submit']    was enable! 
[2017-09-13 16:00:22] //div[@class='content']/h3    was enable! 
[2017-09-13 16:00:23] logo    was enable! 
[2017-09-13 16:00:24] //button[@type='submit']    was enable! 
[2017-09-13 16:00:25] //button[@type='submit']    was enable! 
[2017-09-13 16:00:33] //input[@name='userId']    was enable! 
[2017-09-13 16:00:34] //input[@name='userId']    was enable! 
[2017-09-13 16:00:35] //input[@name='password']    was enable! 
[2017-09-13 16:00:36] //input[@name='password']    was enable! 
[2017-09-13 16:00:39] //button[@type='submit']    was enable! 
[2017-09-13 16:01:12] 20170913-160112.png //button[text()='Ok']was error
