[2017-09-12 10:15:42] //div[@class='content']/h3    was enable! 
[2017-09-12 10:15:43] logo    was enable! 
[2017-09-12 10:15:44] //button[@type='submit']    was enable! 
[2017-09-12 10:15:45] //div[@class='content']/h3    was enable! 
[2017-09-12 10:15:46] logo    was enable! 
[2017-09-12 10:15:47] //button[@type='submit']    was enable! 
[2017-09-12 10:15:48] //div[@class='content']/h3    was enable! 
[2017-09-12 10:15:49] logo    was enable! 
[2017-09-12 10:15:51] //button[@type='submit']    was enable! 
[2017-09-12 10:15:52] //div[@class='content']/h3    was enable! 
[2017-09-12 10:15:53] logo    was enable! 
[2017-09-12 10:15:54] //button[@type='submit']    was enable! 
[2017-09-12 10:15:55] //div[@class='content']/h3    was enable! 
[2017-09-12 10:15:56] logo    was enable! 
[2017-09-12 10:15:57] //button[@type='submit']    was enable! 
[2017-09-12 10:15:58] //div[@class='content']/h3    was enable! 
[2017-09-12 10:15:59] logo    was enable! 
[2017-09-12 10:16:00] //button[@type='submit']    was enable! 
[2017-09-12 10:16:01] //button[@type='submit']    was enable! 
[2017-09-12 10:16:05] //input[@name='userId']    was enable! 
[2017-09-12 10:16:06] //input[@name='userId']    was enable! 
[2017-09-12 10:16:08] //input[@name='password']    was enable! 
[2017-09-12 10:16:09] //input[@name='password']    was enable! 
[2017-09-12 10:16:10] //button[@type='submit']    was enable! 
[2017-09-12 10:16:13] //input[@name='userId']    was enable! 
[2017-09-12 10:16:14] //input[@name='userId']    was enable! 
[2017-09-12 10:16:15] //input[@name='password']    was enable! 
[2017-09-12 10:16:16] //input[@name='password']    was enable! 
[2017-09-12 10:16:17] //button[@type='submit']    was enable! 
[2017-09-12 10:16:30] //input[@name='userId']    was enable! 
[2017-09-12 10:16:31] //input[@name='userId']    was enable! 
[2017-09-12 10:16:32] //input[@name='password']    was enable! 
[2017-09-12 10:16:33] //input[@name='password']    was enable! 
[2017-09-12 10:16:35] //button[@type='submit']    was enable! 
[2017-09-12 10:16:38] //button[text()='Ok']    was enable! 
[2017-09-12 10:17:15] //li[@data-id='CSRM001']    was enable! 
[2017-09-12 10:17:17] //div[@class='tab-content']/iframe    was enable! 
[2017-09-12 10:17:20] //input[@type='text' and @name='conditions']    was enable! 
[2017-09-12 10:17:21] //input[@type='text' and @name='conditions']    was enable! 
[2017-09-12 10:17:59] r_i_search    was enable! 
[2017-09-12 10:18:01] r_i_search    was enable! 
[2017-09-12 10:18:22] //td[@data-column-id='RestNameCn']/div[1]/span[1]    was enable! 
[2017-09-12 10:18:30] //li[@data-id='CSRM002']    was enable! 
[2017-09-12 10:18:34] //div[@class='tab-content']/iframe    was enable! 
[2017-09-12 10:18:39] //input[@name='searchFromDate']    was enable! 
[2017-09-12 10:18:41] //ul[@id='bar5']/li[1]/button    was enable! 
[2017-09-12 10:18:42] //input[@id='chkSearchToDate']    was enable! 
[2017-09-12 10:18:43] //input[@name='searchToDate']    was enable! 
[2017-09-12 10:18:45] //ul[@id='bar7']/li[1]/button    was enable! 
[2017-09-12 10:18:47] //button[@id='csr0008_btn_queryCount']    was enable! 
[2017-09-12 10:18:49] //span[@id='csr0008MyOrder']    was enable! 
[2017-09-12 10:18:51] //span[@id='csr0008Dispatch']    was enable! 
[2017-09-12 10:18:54] //span[@id='csr0008NeedSendToRest']    was enable! 
[2017-09-12 10:18:56] //span[@id='csr0008DelayOrder']    was enable! 
[2017-09-12 10:18:58] //span[@id='csr0008Locked']    was enable! 
[2017-09-12 10:19:04] //span[@id='csr0008UfcOrder']    was enable! 
[2017-09-12 10:19:12] //input[@name='chkWebOrder']    was enable! 
[2017-09-12 10:19:13] //input[@name='chkPhoneOrder']    was enable! 
[2017-09-12 10:19:14] //input[@name='chkAppOrder']    was enable! 
[2017-09-12 10:19:15] //input[@name='chkUnApprovedWebOrder']    was enable! 
[2017-09-12 10:19:17] //input[@name='chkWebOrder']    was enable! 
[2017-09-12 10:19:20] //button[@id='csr0008_btn_queryListCount']    was enable! 
[2017-09-12 10:19:21] //input[@id='readonlyNumber']    was enable! 
[2017-09-12 10:19:22] //input[@id='readonlyRestTotal']    was enable! 
[2017-09-12 10:19:23] //input[@id='readonlyOrderTotal']    was enable! 
[2017-09-12 10:19:24] //input[@name='chkWebOrder']    was enable! 
[2017-09-12 10:19:25] //input[@name='chkPhoneOrder']    was enable! 
[2017-09-12 10:19:29] //button[@id='csr0008_btn_queryListCount']    was enable! 
[2017-09-12 10:19:30] //input[@id='readonlyNumber']    was enable! 
[2017-09-12 10:19:31] //input[@id='readonlyRestTotal']    was enable! 
[2017-09-12 10:19:32] //input[@id='readonlyOrderTotal']    was enable! 
[2017-09-12 10:19:33] //input[@name='chkPhoneOrder']    was enable! 
[2017-09-12 10:19:34] //input[@name='chkAppOrder']    was enable! 
[2017-09-12 10:19:37] //button[@id='csr0008_btn_queryListCount']    was enable! 
[2017-09-12 10:19:39] //input[@id='readonlyNumber']    was enable! 
[2017-09-12 10:19:40] //input[@id='readonlyRestTotal']    was enable! 
[2017-09-12 10:19:41] //input[@id='readonlyOrderTotal']    was enable! 
[2017-09-12 10:19:42] //input[@name='chkAppOrder']    was enable! 
[2017-09-12 10:19:43] //input[@name='chkUnApprovedWebOrder']    was enable! 
[2017-09-12 10:19:44] //input[@name='chkUnApprovedWebOrder']    was enable! 
[2017-09-12 10:19:47] //button[@id='csr0008_btn_queryListCount']    was enable! 
[2017-09-12 10:19:48] //input[@id='readonlyNumber']    was enable! 
[2017-09-12 10:19:49] //input[@id='readonlyRestTotal']    was enable! 
[2017-09-12 10:19:51] //input[@id='readonlyOrderTotal']    was enable! 
[2017-09-12 10:19:52] //input[@name='chkWebOrder']    was enable! 
[2017-09-12 10:19:53] //input[@name='chkPhoneOrder']    was enable! 
[2017-09-12 10:19:54] //input[@name='chkAppOrder']    was enable! 
[2017-09-12 10:19:55] //input[@name='chkUnApprovedWebOrder']    was enable! 
[2017-09-12 10:19:56] //select[@id='searchNumberType']    was enable! 
[2017-09-12 10:19:58] //option[text()='Order ID']    was enable! 
[2017-09-12 10:19:59] //input[@id='searchNumber']    was enable! 
[2017-09-12 10:20:00] //input[@id='searchOthers']    was enable! 
[2017-09-12 10:20:01] //select[@id='searchOrderStatus']    was enable! 
[2017-09-12 10:20:02] //button[@id='csr0008_btn_go']    was enable! 
[2017-09-12 10:20:09] //button[@id='csr0008_btn_querynotfinished']    was enable! 
[2017-09-12 10:20:12] //input[@id='searchNumber']    was enable! 
[2017-09-12 10:20:13] //input[@id='searchNumber']    was enable! 
[2017-09-12 10:20:14] //button[@id='csr0008_btn_go']    was enable! 
[2017-09-12 10:20:47] 20170912-102046.png //td[@data-column-id='col1']was error
[2017-09-12 10:20:54] //li[@data-id='CSRM003']    was enable! 
[2017-09-12 10:20:57] //div[@class='tab-content']/iframe    was enable! 
[2017-09-12 10:21:00] //button[@id='btn_follow']    was enable! 
[2017-09-12 10:21:32] //button[@id='btn_response']    was enable! 
[2017-09-12 10:21:36] //button[@id='btn_go_response']    was enable! 
[2017-09-12 10:22:08] //button[@id='btn_complaint']    was enable! 
[2017-09-12 10:22:12] //button[@id='btn_go']    was enable! 
[2017-09-12 10:29:47] //li[@data-id='CSRM003']    was enable! 
[2017-09-12 10:29:51] //div[@class='tab-content']/iframe    was enable! 
[2017-09-12 10:29:54] //button[@id='btn_follow']    was enable! 
[2017-09-12 10:31:25] //li[@data-id='CSRM003']    was enable! 
[2017-09-12 10:31:27] //div[@class='tab-content']/iframe    was enable! 
[2017-09-12 10:31:30] //button[@id='btn_follow']    was enable! 
[2017-09-12 10:40:05] //div[@class='content']/h3    was enable! 
[2017-09-12 10:40:06] logo    was enable! 
[2017-09-12 10:40:07] //button[@type='submit']    was enable! 
[2017-09-12 10:40:08] //div[@class='content']/h3    was enable! 
[2017-09-12 10:40:09] logo    was enable! 
[2017-09-12 10:40:10] //button[@type='submit']    was enable! 
[2017-09-12 10:40:12] //div[@class='content']/h3    was enable! 
[2017-09-12 10:40:13] logo    was enable! 
[2017-09-12 10:40:14] //button[@type='submit']    was enable! 
[2017-09-12 10:40:15] //div[@class='content']/h3    was enable! 
[2017-09-12 10:40:16] logo    was enable! 
[2017-09-12 10:40:17] //button[@type='submit']    was enable! 
[2017-09-12 10:40:18] //div[@class='content']/h3    was enable! 
[2017-09-12 10:40:19] logo    was enable! 
[2017-09-12 10:40:20] //button[@type='submit']    was enable! 
[2017-09-12 10:40:21] //div[@class='content']/h3    was enable! 
[2017-09-12 10:40:22] logo    was enable! 
[2017-09-12 10:40:23] //button[@type='submit']    was enable! 
[2017-09-12 10:40:24] //button[@type='submit']    was enable! 
[2017-09-12 10:40:29] //input[@name='userId']    was enable! 
[2017-09-12 10:40:30] //input[@name='userId']    was enable! 
[2017-09-12 10:40:31] //input[@name='password']    was enable! 
[2017-09-12 10:40:32] //input[@name='password']    was enable! 
[2017-09-12 10:40:33] //button[@type='submit']    was enable! 
[2017-09-12 10:40:36] //input[@name='userId']    was enable! 
[2017-09-12 10:40:37] //input[@name='userId']    was enable! 
[2017-09-12 10:40:38] //input[@name='password']    was enable! 
[2017-09-12 10:40:39] //input[@name='password']    was enable! 
[2017-09-12 10:40:40] //button[@type='submit']    was enable! 
[2017-09-12 10:40:52] //input[@name='userId']    was enable! 
[2017-09-12 10:40:53] //input[@name='userId']    was enable! 
[2017-09-12 10:40:55] //input[@name='password']    was enable! 
[2017-09-12 10:40:56] //input[@name='password']    was enable! 
[2017-09-12 10:40:58] //button[@type='submit']    was enable! 
[2017-09-12 10:41:00] //button[text()='Ok']    was enable! 
[2017-09-12 10:41:49] //li[@data-id='CSRM001']    was enable! 
[2017-09-12 10:41:52] //div[@class='tab-content']/iframe    was enable! 
[2017-09-12 10:41:55] //input[@type='text' and @name='conditions']    was enable! 
[2017-09-12 10:41:56] //input[@type='text' and @name='conditions']    was enable! 
[2017-09-12 10:42:35] r_i_search    was enable! 
[2017-09-12 10:42:36] r_i_search    was enable! 
[2017-09-12 10:43:12] //td[@data-column-id='RestNameCn']/div[1]/span[1]    was enable! 
[2017-09-12 10:43:20] //li[@data-id='CSRM002']    was enable! 
[2017-09-12 10:43:23] //div[@class='tab-content']/iframe    was enable! 
[2017-09-12 10:43:28] //input[@name='searchFromDate']    was enable! 
[2017-09-12 10:43:31] //ul[@id='bar5']/li[1]/button    was enable! 
[2017-09-12 10:43:32] //input[@id='chkSearchToDate']    was enable! 
[2017-09-12 10:43:33] //input[@name='searchToDate']    was enable! 
[2017-09-12 10:43:34] //ul[@id='bar7']/li[1]/button    was enable! 
[2017-09-12 10:43:37] //button[@id='csr0008_btn_queryCount']    was enable! 
[2017-09-12 10:43:39] //span[@id='csr0008MyOrder']    was enable! 
[2017-09-12 10:43:41] //span[@id='csr0008Dispatch']    was enable! 
[2017-09-12 10:43:43] //span[@id='csr0008NeedSendToRest']    was enable! 
[2017-09-12 10:43:46] //span[@id='csr0008DelayOrder']    was enable! 
[2017-09-12 10:43:48] //span[@id='csr0008Locked']    was enable! 
[2017-09-12 10:43:54] //span[@id='csr0008UfcOrder']    was enable! 
[2017-09-12 10:44:01] //input[@name='chkWebOrder']    was enable! 
[2017-09-12 10:44:03] //input[@name='chkPhoneOrder']    was enable! 
[2017-09-12 10:44:04] //input[@name='chkAppOrder']    was enable! 
[2017-09-12 10:44:05] //input[@name='chkUnApprovedWebOrder']    was enable! 
[2017-09-12 10:44:06] //input[@name='chkWebOrder']    was enable! 
[2017-09-12 10:44:10] //button[@id='csr0008_btn_queryListCount']    was enable! 
[2017-09-12 10:44:11] //input[@id='readonlyNumber']    was enable! 
[2017-09-12 10:44:12] //input[@id='readonlyRestTotal']    was enable! 
[2017-09-12 10:44:13] //input[@id='readonlyOrderTotal']    was enable! 
[2017-09-12 10:44:14] //input[@name='chkWebOrder']    was enable! 
[2017-09-12 10:44:15] //input[@name='chkPhoneOrder']    was enable! 
[2017-09-12 10:44:18] //button[@id='csr0008_btn_queryListCount']    was enable! 
[2017-09-12 10:44:20] //input[@id='readonlyNumber']    was enable! 
[2017-09-12 10:44:21] //input[@id='readonlyRestTotal']    was enable! 
[2017-09-12 10:44:22] //input[@id='readonlyOrderTotal']    was enable! 
[2017-09-12 10:44:23] //input[@name='chkPhoneOrder']    was enable! 
[2017-09-12 10:44:24] //input[@name='chkAppOrder']    was enable! 
[2017-09-12 10:44:27] //button[@id='csr0008_btn_queryListCount']    was enable! 
[2017-09-12 10:44:28] //input[@id='readonlyNumber']    was enable! 
[2017-09-12 10:44:29] //input[@id='readonlyRestTotal']    was enable! 
[2017-09-12 10:44:30] //input[@id='readonlyOrderTotal']    was enable! 
[2017-09-12 10:44:31] //input[@name='chkAppOrder']    was enable! 
[2017-09-12 10:44:33] //input[@name='chkUnApprovedWebOrder']    was enable! 
[2017-09-12 10:44:34] //input[@name='chkUnApprovedWebOrder']    was enable! 
[2017-09-12 10:44:37] //button[@id='csr0008_btn_queryListCount']    was enable! 
[2017-09-12 10:44:38] //input[@id='readonlyNumber']    was enable! 
[2017-09-12 10:44:39] //input[@id='readonlyRestTotal']    was enable! 
[2017-09-12 10:44:40] //input[@id='readonlyOrderTotal']    was enable! 
[2017-09-12 10:44:41] //input[@name='chkWebOrder']    was enable! 
[2017-09-12 10:44:42] //input[@name='chkPhoneOrder']    was enable! 
[2017-09-12 10:44:44] //input[@name='chkAppOrder']    was enable! 
[2017-09-12 10:44:45] //input[@name='chkUnApprovedWebOrder']    was enable! 
[2017-09-12 10:44:46] //select[@id='searchNumberType']    was enable! 
[2017-09-12 10:44:47] //option[text()='Order ID']    was enable! 
[2017-09-12 10:44:48] //input[@id='searchNumber']    was enable! 
[2017-09-12 10:44:50] //input[@id='searchOthers']    was enable! 
[2017-09-12 10:44:51] //select[@id='searchOrderStatus']    was enable! 
[2017-09-12 10:44:52] //button[@id='csr0008_btn_go']    was enable! 
[2017-09-12 10:44:58] //button[@id='csr0008_btn_querynotfinished']    was enable! 
[2017-09-12 10:45:01] //input[@id='searchNumber']    was enable! 
[2017-09-12 10:45:03] //input[@id='searchNumber']    was enable! 
[2017-09-12 10:45:04] //button[@id='csr0008_btn_go']    was enable! 
[2017-09-12 10:45:36] 20170912-104536.png //td[@data-column-id='col1']was error
[2017-09-12 10:45:45] //li[@data-id='CSRM003']    was enable! 
[2017-09-12 10:45:48] //div[@class='tab-content']/iframe    was enable! 
[2017-09-12 10:45:51] //button[@id='btn_follow']    was enable! 
[2017-09-12 10:46:23] //button[@id='btn_response']    was enable! 
[2017-09-12 10:46:27] //button[@id='btn_go_response']    was enable! 
[2017-09-12 10:46:59] //button[@id='btn_complaint']    was enable! 
[2017-09-12 10:47:03] //button[@id='btn_go']    was enable! 
[2017-09-12 13:27:34] //li[@data-id='CSRM001']    was enable! 
[2017-09-12 13:27:37] //div[@class='tab-content']/iframe    was enable! 
[2017-09-12 13:27:40] //input[@type='text' and @name='conditions']    was enable! 
[2017-09-12 13:27:41] //input[@type='text' and @name='conditions']    was enable! 
[2017-09-12 13:28:19] r_i_search    was enable! 
[2017-09-12 13:28:20] r_i_search    was enable! 
[2017-09-12 13:29:48] //div[@class='content']/h3    was enable! 
[2017-09-12 13:29:50] logo    was enable! 
[2017-09-12 13:29:51] //button[@type='submit']    was enable! 
[2017-09-12 13:29:52] //div[@class='content']/h3    was enable! 
[2017-09-12 13:29:53] logo    was enable! 
[2017-09-12 13:29:54] //button[@type='submit']    was enable! 
[2017-09-12 13:29:55] //div[@class='content']/h3    was enable! 
[2017-09-12 13:29:56] logo    was enable! 
[2017-09-12 13:29:57] //button[@type='submit']    was enable! 
[2017-09-12 13:29:58] //div[@class='content']/h3    was enable! 
[2017-09-12 13:29:59] logo    was enable! 
[2017-09-12 13:30:00] //button[@type='submit']    was enable! 
[2017-09-12 13:30:01] //div[@class='content']/h3    was enable! 
[2017-09-12 13:30:02] logo    was enable! 
[2017-09-12 13:30:03] //button[@type='submit']    was enable! 
[2017-09-12 13:30:04] //div[@class='content']/h3    was enable! 
[2017-09-12 13:30:05] logo    was enable! 
[2017-09-12 13:30:07] //button[@type='submit']    was enable! 
[2017-09-12 13:30:08] //button[@type='submit']    was enable! 
[2017-09-12 13:30:12] //input[@name='userId']    was enable! 
[2017-09-12 13:30:13] //input[@name='userId']    was enable! 
[2017-09-12 13:30:14] //input[@name='password']    was enable! 
[2017-09-12 13:30:15] //input[@name='password']    was enable! 
[2017-09-12 13:30:16] //button[@type='submit']    was enable! 
[2017-09-12 13:30:19] //input[@name='userId']    was enable! 
[2017-09-12 13:30:21] //input[@name='userId']    was enable! 
[2017-09-12 13:30:22] //input[@name='password']    was enable! 
[2017-09-12 13:30:23] //input[@name='password']    was enable! 
[2017-09-12 13:30:24] //button[@type='submit']    was enable! 
[2017-09-12 13:30:37] //input[@name='userId']    was enable! 
[2017-09-12 13:30:38] //input[@name='userId']    was enable! 
[2017-09-12 13:30:39] //input[@name='password']    was enable! 
[2017-09-12 13:30:40] //input[@name='password']    was enable! 
[2017-09-12 13:30:42] //button[@type='submit']    was enable! 
[2017-09-12 13:30:44] //button[text()='Ok']    was enable! 
[2017-09-12 13:31:22] //li[@data-id='CSRM001']    was enable! 
[2017-09-12 13:31:25] //div[@class='tab-content']/iframe    was enable! 
[2017-09-12 13:31:28] //input[@type='text' and @name='conditions']    was enable! 
[2017-09-12 13:31:30] //input[@type='text' and @name='conditions']    was enable! 
[2017-09-12 13:32:08] r_i_search    was enable! 
[2017-09-12 13:32:09] r_i_search    was enable! 
[2017-09-12 13:32:52] //li[@data-id='CSRM002']    was enable! 
[2017-09-12 13:32:55] //div[@class='tab-content']/iframe    was enable! 
[2017-09-12 13:33:01] //input[@name='searchFromDate']    was enable! 
[2017-09-12 13:33:03] //ul[@id='bar5']/li[1]/button    was enable! 
[2017-09-12 13:33:04] //input[@id='chkSearchToDate']    was enable! 
[2017-09-12 13:33:05] //input[@name='searchToDate']    was enable! 
[2017-09-12 13:33:07] //ul[@id='bar7']/li[1]/button    was enable! 
[2017-09-12 13:33:09] //button[@id='csr0008_btn_queryCount']    was enable! 
[2017-09-12 13:33:11] //span[@id='csr0008MyOrder']    was enable! 
[2017-09-12 13:33:14] //span[@id='csr0008Dispatch']    was enable! 
[2017-09-12 13:33:16] //span[@id='csr0008NeedSendToRest']    was enable! 
[2017-09-12 13:33:18] //span[@id='csr0008DelayOrder']    was enable! 
[2017-09-12 13:33:20] //span[@id='csr0008Locked']    was enable! 
[2017-09-12 13:33:27] //span[@id='csr0008UfcOrder']    was enable! 
[2017-09-12 13:33:34] //input[@name='chkWebOrder']    was enable! 
[2017-09-12 13:33:35] //input[@name='chkPhoneOrder']    was enable! 
[2017-09-12 13:33:36] //input[@name='chkAppOrder']    was enable! 
[2017-09-12 13:33:38] //input[@name='chkUnApprovedWebOrder']    was enable! 
[2017-09-12 13:33:39] //input[@name='chkWebOrder']    was enable! 
[2017-09-12 13:33:42] //button[@id='csr0008_btn_queryListCount']    was enable! 
[2017-09-12 13:33:43] //input[@id='readonlyNumber']    was enable! 
[2017-09-12 13:33:44] //input[@id='readonlyRestTotal']    was enable! 
[2017-09-12 13:33:45] //input[@id='readonlyOrderTotal']    was enable! 
[2017-09-12 13:33:47] //input[@name='chkWebOrder']    was enable! 
[2017-09-12 13:33:48] //input[@name='chkPhoneOrder']    was enable! 
[2017-09-12 13:33:51] //button[@id='csr0008_btn_queryListCount']    was enable! 
[2017-09-12 13:33:52] //input[@id='readonlyNumber']    was enable! 
[2017-09-12 13:33:53] //input[@id='readonlyRestTotal']    was enable! 
[2017-09-12 13:33:54] //input[@id='readonlyOrderTotal']    was enable! 
[2017-09-12 13:33:55] //input[@name='chkPhoneOrder']    was enable! 
[2017-09-12 13:33:56] //input[@name='chkAppOrder']    was enable! 
[2017-09-12 13:33:59] //button[@id='csr0008_btn_queryListCount']    was enable! 
[2017-09-12 13:34:00] //input[@id='readonlyNumber']    was enable! 
[2017-09-12 13:34:02] //input[@id='readonlyRestTotal']    was enable! 
[2017-09-12 13:34:03] //input[@id='readonlyOrderTotal']    was enable! 
[2017-09-12 13:34:04] //input[@name='chkAppOrder']    was enable! 
[2017-09-12 13:34:05] //input[@name='chkUnApprovedWebOrder']    was enable! 
[2017-09-12 13:34:06] //input[@name='chkUnApprovedWebOrder']    was enable! 
[2017-09-12 13:34:09] //button[@id='csr0008_btn_queryListCount']    was enable! 
[2017-09-12 13:34:10] //input[@id='readonlyNumber']    was enable! 
[2017-09-12 13:34:11] //input[@id='readonlyRestTotal']    was enable! 
[2017-09-12 13:34:13] //input[@id='readonlyOrderTotal']    was enable! 
[2017-09-12 13:34:14] //input[@name='chkWebOrder']    was enable! 
[2017-09-12 13:34:15] //input[@name='chkPhoneOrder']    was enable! 
[2017-09-12 13:34:16] //input[@name='chkAppOrder']    was enable! 
[2017-09-12 13:34:17] //input[@name='chkUnApprovedWebOrder']    was enable! 
[2017-09-12 13:34:18] //select[@id='searchNumberType']    was enable! 
[2017-09-12 13:34:20] //option[text()='Order ID']    was enable! 
[2017-09-12 13:34:21] //input[@id='searchNumber']    was enable! 
[2017-09-12 13:34:22] //input[@id='searchOthers']    was enable! 
[2017-09-12 13:34:23] //select[@id='searchOrderStatus']    was enable! 
[2017-09-12 13:34:24] //button[@id='csr0008_btn_go']    was enable! 
[2017-09-12 13:34:31] //button[@id='csr0008_btn_querynotfinished']    was enable! 
[2017-09-12 13:34:34] //input[@id='searchNumber']    was enable! 
[2017-09-12 13:34:35] //input[@id='searchNumber']    was enable! 
[2017-09-12 13:34:36] //button[@id='csr0008_btn_go']    was enable! 
[2017-09-12 13:35:09] 20170912-133508.png //td[@data-column-id='col1']was error
[2017-09-12 13:35:17] //li[@data-id='CSRM003']    was enable! 
[2017-09-12 13:35:19] //div[@class='tab-content']/iframe    was enable! 
[2017-09-12 13:35:22] //button[@id='btn_follow']    was enable! 
[2017-09-12 13:36:24] //button[@id='btn_response']    was enable! 
[2017-09-12 13:36:28] //button[@id='btn_go_response']    was enable! 
[2017-09-12 13:42:53] //li[@data-id='CSRM001']    was enable! 
[2017-09-12 13:42:55] //div[@class='tab-content']/iframe    was enable! 
[2017-09-12 13:42:58] //input[@type='text' and @name='conditions']    was enable! 
[2017-09-12 13:42:59] //input[@type='text' and @name='conditions']    was enable! 
[2017-09-12 13:43:38] r_i_search    was enable! 
[2017-09-12 13:43:39] r_i_search    was enable! 
[2017-09-12 13:44:22] //td[@data-column-id='orderLink']    was enable! 
[2017-09-12 13:44:54] //li[@data-id='CSRM001']    was enable! 
[2017-09-12 13:44:56] //div[@class='tab-content']/iframe    was enable! 
[2017-09-12 13:44:59] //input[@type='text' and @name='conditions']    was enable! 
[2017-09-12 13:45:00] //input[@type='text' and @name='conditions']    was enable! 
[2017-09-12 13:45:39] r_i_search    was enable! 
[2017-09-12 13:45:40] r_i_search    was enable! 
[2017-09-12 13:59:02] //li[@data-id='CSRM001']    was enable! 
[2017-09-12 13:59:05] //div[@class='tab-content']/iframe    was enable! 
[2017-09-12 13:59:08] //input[@type='text' and @name='conditions']    was enable! 
[2017-09-12 13:59:09] //input[@type='text' and @name='conditions']    was enable! 
[2017-09-12 14:00:24] //button[@id='btn_pay_today']    was enable! 
[2017-09-12 14:00:50] r_i_search    was enable! 
[2017-09-12 14:00:51] r_i_search    was enable! 
[2017-09-12 14:02:35] //div[@class='content']/h3    was enable! 
[2017-09-12 14:02:36] logo    was enable! 
[2017-09-12 14:02:37] //button[@type='submit']    was enable! 
[2017-09-12 14:02:38] //div[@class='content']/h3    was enable! 
[2017-09-12 14:02:39] logo    was enable! 
[2017-09-12 14:02:40] //button[@type='submit']    was enable! 
[2017-09-12 14:02:41] //div[@class='content']/h3    was enable! 
[2017-09-12 14:02:42] logo    was enable! 
[2017-09-12 14:02:43] //button[@type='submit']    was enable! 
[2017-09-12 14:02:45] //div[@class='content']/h3    was enable! 
[2017-09-12 14:02:46] logo    was enable! 
[2017-09-12 14:02:47] //button[@type='submit']    was enable! 
[2017-09-12 14:02:48] //div[@class='content']/h3    was enable! 
[2017-09-12 14:02:49] logo    was enable! 
[2017-09-12 14:02:50] //button[@type='submit']    was enable! 
[2017-09-12 14:02:51] //div[@class='content']/h3    was enable! 
[2017-09-12 14:02:52] logo    was enable! 
[2017-09-12 14:02:53] //button[@type='submit']    was enable! 
[2017-09-12 14:02:54] //button[@type='submit']    was enable! 
[2017-09-12 14:02:58] //input[@name='userId']    was enable! 
[2017-09-12 14:02:59] //input[@name='userId']    was enable! 
[2017-09-12 14:03:01] //input[@name='password']    was enable! 
[2017-09-12 14:03:02] //input[@name='password']    was enable! 
[2017-09-12 14:03:03] //button[@type='submit']    was enable! 
[2017-09-12 14:03:06] //input[@name='userId']    was enable! 
[2017-09-12 14:03:07] //input[@name='userId']    was enable! 
[2017-09-12 14:03:08] //input[@name='password']    was enable! 
[2017-09-12 14:03:09] //input[@name='password']    was enable! 
[2017-09-12 14:03:10] //button[@type='submit']    was enable! 
[2017-09-12 14:03:23] //input[@name='userId']    was enable! 
[2017-09-12 14:03:24] //input[@name='userId']    was enable! 
[2017-09-12 14:03:25] //input[@name='password']    was enable! 
[2017-09-12 14:03:26] //input[@name='password']    was enable! 
[2017-09-12 14:03:28] //button[@type='submit']    was enable! 
[2017-09-12 14:03:30] //button[text()='Ok']    was enable! 
[2017-09-12 14:04:07] //li[@data-id='CSRM001']    was enable! 
[2017-09-12 14:04:10] //div[@class='tab-content']/iframe    was enable! 
[2017-09-12 14:04:13] //input[@type='text' and @name='conditions']    was enable! 
[2017-09-12 14:04:14] //input[@type='text' and @name='conditions']    was enable! 
[2017-09-12 14:04:52] //button[@id='btn_pay_today']    was enable! 
[2017-09-12 14:04:56] r_i_search    was enable! 
[2017-09-12 14:04:57] r_i_search    was enable! 
[2017-09-12 14:06:50] //input[@name='searchValue']    was enable! 
[2017-09-12 14:06:51] //input[@name='searchValue']    was enable! 
[2017-09-12 14:07:00] //ul[@id='mustChooseTree10465018_1_ul']/li[1]/span[2]    was enable! 
[2017-09-12 14:07:01] btnOk_CSR000606    was enable! 
[2017-09-12 14:07:04] btn_viewOrder    was enable! 
[2017-09-12 14:07:07] btn_save    was enable! 
[2017-09-12 14:07:55] btn_sent_to_restaurant    was enable! 
[2017-09-12 14:08:02] //td[@data-column-field='orderNo']    was enable! 
[2017-09-12 14:08:04] //s[@class='tab-item-close']    was enable! 
[2017-09-12 14:08:18] //li[@data-id='CSRM002']    was enable! 
[2017-09-12 14:08:21] //div[@class='tab-content']/iframe    was enable! 
[2017-09-12 14:08:27] //input[@name='searchFromDate']    was enable! 
[2017-09-12 14:08:29] //ul[@id='bar5']/li[1]/button    was enable! 
[2017-09-12 14:08:30] //input[@id='chkSearchToDate']    was enable! 
[2017-09-12 14:08:32] //input[@name='searchToDate']    was enable! 
[2017-09-12 14:08:33] //ul[@id='bar7']/li[1]/button    was enable! 
[2017-09-12 14:08:35] //button[@id='csr0008_btn_queryCount']    was enable! 
[2017-09-12 14:08:37] //span[@id='csr0008MyOrder']    was enable! 
[2017-09-12 14:08:40] //span[@id='csr0008Dispatch']    was enable! 
[2017-09-12 14:08:42] //span[@id='csr0008NeedSendToRest']    was enable! 
[2017-09-12 14:08:44] //span[@id='csr0008DelayOrder']    was enable! 
[2017-09-12 14:08:47] //span[@id='csr0008Locked']    was enable! 
[2017-09-12 14:08:53] //span[@id='csr0008UfcOrder']    was enable! 
[2017-09-12 14:09:00] //input[@name='chkWebOrder']    was enable! 
[2017-09-12 14:09:01] //input[@name='chkPhoneOrder']    was enable! 
[2017-09-12 14:09:03] //input[@name='chkAppOrder']    was enable! 
[2017-09-12 14:09:04] //input[@name='chkUnApprovedWebOrder']    was enable! 
[2017-09-12 14:09:05] //input[@name='chkWebOrder']    was enable! 
[2017-09-12 14:09:08] //button[@id='csr0008_btn_queryListCount']    was enable! 
[2017-09-12 14:09:09] //input[@id='readonlyNumber']    was enable! 
[2017-09-12 14:09:10] //input[@id='readonlyRestTotal']    was enable! 
[2017-09-12 14:09:12] //input[@id='readonlyOrderTotal']    was enable! 
[2017-09-12 14:09:13] //input[@name='chkWebOrder']    was enable! 
[2017-09-12 14:09:14] //input[@name='chkPhoneOrder']    was enable! 
[2017-09-12 14:09:17] //button[@id='csr0008_btn_queryListCount']    was enable! 
[2017-09-12 14:09:18] //input[@id='readonlyNumber']    was enable! 
[2017-09-12 14:09:19] //input[@id='readonlyRestTotal']    was enable! 
[2017-09-12 14:09:20] //input[@id='readonlyOrderTotal']    was enable! 
[2017-09-12 14:09:21] //input[@name='chkPhoneOrder']    was enable! 
[2017-09-12 14:09:22] //input[@name='chkAppOrder']    was enable! 
[2017-09-12 14:09:25] //button[@id='csr0008_btn_queryListCount']    was enable! 
[2017-09-12 14:09:27] //input[@id='readonlyNumber']    was enable! 
[2017-09-12 14:09:28] //input[@id='readonlyRestTotal']    was enable! 
[2017-09-12 14:09:29] //input[@id='readonlyOrderTotal']    was enable! 
[2017-09-12 14:09:30] //input[@name='chkAppOrder']    was enable! 
[2017-09-12 14:09:31] //input[@name='chkUnApprovedWebOrder']    was enable! 
[2017-09-12 14:09:32] //input[@name='chkUnApprovedWebOrder']    was enable! 
[2017-09-12 14:09:35] //button[@id='csr0008_btn_queryListCount']    was enable! 
[2017-09-12 14:09:36] //input[@id='readonlyNumber']    was enable! 
[2017-09-12 14:09:37] //input[@id='readonlyRestTotal']    was enable! 
[2017-09-12 14:09:38] //input[@id='readonlyOrderTotal']    was enable! 
[2017-09-12 14:09:39] //input[@name='chkWebOrder']    was enable! 
[2017-09-12 14:09:41] //input[@name='chkPhoneOrder']    was enable! 
[2017-09-12 14:09:42] //input[@name='chkAppOrder']    was enable! 
[2017-09-12 14:09:43] //input[@name='chkUnApprovedWebOrder']    was enable! 
[2017-09-12 14:09:44] //select[@id='searchNumberType']    was enable! 
[2017-09-12 14:09:46] //option[text()='Order ID']    was enable! 
[2017-09-12 14:09:47] //input[@id='searchNumber']    was enable! 
[2017-09-12 14:09:48] //input[@id='searchOthers']    was enable! 
[2017-09-12 14:09:49] //select[@id='searchOrderStatus']    was enable! 
[2017-09-12 14:09:50] //button[@id='csr0008_btn_go']    was enable! 
[2017-09-12 14:09:57] //button[@id='csr0008_btn_querynotfinished']    was enable! 
[2017-09-12 14:10:00] //input[@id='searchNumber']    was enable! 
[2017-09-12 14:10:01] //input[@id='searchNumber']    was enable! 
[2017-09-12 14:10:02] //button[@id='csr0008_btn_go']    was enable! 
[2017-09-12 14:10:03] //td[@data-column-id='col1']    was enable! 
[2017-09-12 14:10:05] //button[@id='csr0008_btn_editview']    was enable! 
[2017-09-12 14:10:09] //button[@id='csr000807_btn_saveAs']    was enable! 
[2017-09-12 14:10:15] //button[@id='csr000807_btn_processing']    was enable! 
[2017-09-12 14:10:16] //div[@class='bui-stdmod-header']    was enable! 
[2017-09-12 14:10:17] //span[@class='bui-ext-close-x x-icon x-icon-normal']    was enable! 
[2017-09-12 14:10:28] //button[@id='csr000807_btn_editAddress']    was enable! 
[2017-09-12 14:10:35] //span[@class='bui-ext-close-x x-icon x-icon-normal']    was enable! 
[2017-09-12 14:10:41] //div[@id='orderItemView0']/div[2]/div[3]/div[2]/button    was enable! 
[2017-09-12 14:10:42] //button[text()='Next']    was enable! 
[2017-09-12 14:10:45] //button[@id='btn_RestBusinessHoursChange']    was enable! 
[2017-09-12 14:10:47] //select[@name='reason']    was enable! 
[2017-09-12 14:10:48] //select[@name='reason']/option[2]    was enable! 
[2017-09-12 14:10:49] //select[@id='detailList']    was enable! 
[2017-09-12 14:10:50] //select[@id='detailList']/option[2]    was enable! 
[2017-09-12 14:10:51] //input[@id='contactPerson']    was enable! 
[2017-09-12 14:10:53] //button[@id='btnCancel_CSR00060101']    was enable! 
[2017-09-12 14:10:59] //span[@class='bui-ext-close-x x-icon x-icon-normal']    was enable! 
[2017-09-12 14:11:00] //div[@class='bui-message-content']    was enable! 
[2017-09-12 14:11:01] //button[text()='Ok']    was enable! 
[2017-09-12 14:11:08] //div[@class='bui-message-content']    was enable! 
[2017-09-12 14:11:09] //button[text()='Ok']    was enable! 
[2017-09-12 14:11:19] //button[@id='btn_viewOrder']    was enable! 
[2017-09-12 14:11:23] //button[@id='btn_unpayment']    was enable! 
[2017-09-12 14:11:28] //input[@name='amount']    was enable! 
[2017-09-12 14:11:29] //input[@name='amount']    was enable! 
[2017-09-12 14:11:30] //button[@id='CSR000804btnOk']    was enable! 
[2017-09-12 14:11:33] btn_save    was enable! 
[2017-09-12 14:12:22] //button[@id='btn_processing']    was enable! 
[2017-09-12 14:12:25] //button[text()='Ok']    was enable! 
[2017-09-12 14:12:31] //textarea[@name='problemDetail']    was enable! 
[2017-09-12 14:12:32] //button[text()='ADD']    was enable! 
[2017-09-12 14:12:36] //button[text()='Ok']    was enable! 
[2017-09-12 14:12:39] //button[@id='btn_sent_to_restaurant']    was enable! 
[2017-09-12 14:12:52] //li[@data-id='CSRM003']    was enable! 
[2017-09-12 14:12:56] //div[@class='tab-content']/iframe    was enable! 
[2017-09-12 14:12:59] //button[@id='btn_follow']    was enable! 
[2017-09-12 14:14:00] //button[@id='btn_response']    was enable! 
[2017-09-12 14:14:05] //button[@id='btn_go_response']    was enable! 
[2017-09-12 14:15:06] //button[@id='btn_complaint']    was enable! 
[2017-09-12 14:15:10] //button[@id='btn_go']    was enable! 
